<?xml version="1.0" encoding="UTF-8"?>
<testsuite xmlns:xsi="http://www.w3.org/2001/XMLSchema-instance" xsi:noNamespaceSchemaLocation="https://maven.apache.org/surefire/maven-surefire-plugin/xsd/surefire-test-report-3.0.xsd" version="3.0" name="WebServerTest.WebServerTest" time="1.574" tests="31" errors="0" skipped="0" failures="0">
  <properties>
[...]
</properties>
  <testcase name="shouldLoadMathControllerDivWithoutQuery" classname="WebServerTest.WebServerTest" time="0.061">
    <system-out><![CDATA[Ready to receive on port: 35000 ...
Received request: GET /app/div
Ready to receive on port: 35000 ...
]]></system-out>
  </testcase>
  <testcase name="notShouldLoadMathControllerMulWithQuery" classname="WebServerTest.WebServerTest" time="0.003">
    <system-out><![CDATA[Received request: GET /app/mul?number=5,7
]]></system-out>
  </testcase>
  <testcase name="shouldLoadGreetingControllerWithQuery" classname="WebServerTest.WebServerTest" time="0.013">
    <system-out><![CDATA[Ready to receive on port: 35000 ...
Received request: GET /app/greeting?name=maria
]]></system-out>
  </testcase>
  <testcase name="shouldLoadMathControllerMulWithQuery" classname="WebServerTest.WebServerTest" time="0.005">
    <system-out><![CDATA[Ready to receive on port: 35000 ...
Received request: GET /app/mul?number=3,2,5
]]></system-out>
  </testcase>
  <testcase name="shouldLoadMathControllerPIWithoutQuery" classname="WebServerTest.WebServerTest" time="0.037">
    <system-out><![CDATA[Ready to receive on port: 35000 ...
Received request: GET /app/pi
]]></system-out>
  </testcase>
  <testcase name="shouldLoadMathControllerRestWithoutQuery" classname="WebServerTest.WebServerTest" time="0.002">
    <system-out><![CDATA[Ready to receive on port: 35000 ...
Received request: GET /app/rest
]]></system-out>
  </testcase>
  <testcase name="notShouldLoadMathControllerSumWithQuery" classname="WebServerTest.WebServerTest" time="0.005">
    <system-out><![CDATA[Ready to receive on port: 35000 ...
Received request: GET /app/sum?number=5,7
Ready to receive on port: 35000 ...
]]></system-out>
  </testcase>
  <testcase name="shouldLoadMathControllerSumWithQuery" classname="WebServerTest.WebServerTest" time="0.006">
    <system-out><![CDATA[Received request: GET /app/sum?number=3,2,5
]]></system-out>
  </testcase>
  <testcase name="shouldLoadMathControllerMulWithoutQuery" classname="WebServerTest.WebServerTest" time="0.021">
    <system-out><![CDATA[Ready to receive on port: 35000 ...
Received request: GET /app/mul
]]></system-out>
  </testcase>
  <testcase name="notShouldLoadGreetingControllerWithQuery" classname="WebServerTest.WebServerTest" time="0.005">
    <system-out><![CDATA[Ready to receive on port: 35000 ...
Received request: GET /app/greeting?name=maria
]]></system-out>
  </testcase>
  <testcase name="shouldLoadStaticFileCss" classname="WebServerTest.WebServerTest" time="0.006">
    <system-out><![CDATA[Ready to receive on port: 35000 ...
Received request: GET /style.css
Ready to receive on port: 35000 ...
]]></system-out>
  </testcase>
  <testcase name="shouldLoadGreetingControllerWithoutQuery" classname="WebServerTest.WebServerTest" time="0.024">
    <system-out><![CDATA[Received request: GET /app/greeting
Ready to receive on port: 35000 ...
]]></system-out>
  </testcase>
  <testcase name="shouldLoadMathControllerSumWithoutQuery" classname="WebServerTest.WebServerTest" time="0.003">
    <system-out><![CDATA[Received request: GET /app/sum
]]></system-out>
  </testcase>
  <testcase name="notShouldLoadMathControllerDivWithQuery" classname="WebServerTest.WebServerTest" time="0.01">
    <system-out><![CDATA[Ready to receive on port: 35000 ...
Received request: GET /app/mul?number=5,7
]]></system-out>
  </testcase>
  <testcase name="shouldLoadMathControllerDiv2WithQuery" classname="WebServerTest.WebServerTest" time="0.003">
    <system-out><![CDATA[Ready to receive on port: 35000 ...
Received request: GET /app/div?number=4,0
Ready to receive on port: 35000 ...
]]></system-out>
  </testcase>
  <testcase name="notShouldLoadStaticFileCss" classname="WebServerTest.WebServerTest" time="0.007">
    <system-out><![CDATA[Received request: GET /styles.css
Ready to receive on port: 35000 ...
]]></system-out>
  </testcase>
  <testcase name="shouldLoadMathControllerPIWithQuery" classname="WebServerTest.WebServerTest" time="0.004">
    <system-out><![CDATA[Received request: GET /app/pi?decimals=5
]]></system-out>
  </testcase>
  <testcase name="shouldLoadMathControllerDivWithQuery" classname="WebServerTest.WebServerTest" time="0.009">
    <system-out><![CDATA[Ready to receive on port: 35000 ...
Received request: GET /app/div?number=4,2
]]></system-out>
  </testcase>
  <testcase name="shouldLoadMathControllerDiv1WithoutQuery" classname="WebServerTest.WebServerTest" time="0.002">
    <system-out><![CDATA[Ready to receive on port: 35000 ...
Received request: GET /app/div?number=1
Ready to receive on port: 35000 ...
]]></system-out>
  </testcase>
  <testcase name="shouldLoadMathControllerRestWithQuery" classname="WebServerTest.WebServerTest" time="0.014">
    <system-out><![CDATA[Received request: GET /app/rest?number=3,2,5
Ready to receive on port: 35000 ...
]]></system-out>
  </testcase>
  <testcase name="notShouldLoadMathControllerPIWithQuery" classname="WebServerTest.WebServerTest" time="0.003">
    <system-out><![CDATA[Received request: GET /app/pi?decimals=5
Ready to receive on port: 35000 ...
]]></system-out>
  </testcase>
  <testcase name="notShouldLoadStaticFileJs" classname="WebServerTest.WebServerTest" time="0.011">
    <system-out><![CDATA[Received request: GET /prueba.js
Ready to receive on port: 35000 ...
]]></system-out>
  </testcase>
  <testcase name="notShouldLoadStaticImageJPG" classname="WebServerTest.WebServerTest" time="0.017">
    <system-out><![CDATA[Received request: GET /imagen20.jpg
Ready to receive on port: 35000 ...
]]></system-out>
  </testcase>
  <testcase name="notShouldLoadStaticImagePNG" classname="WebServerTest.WebServerTest" time="0.005">
    <system-out><![CDATA[Received request: GET /imagen8.png
Ready to receive on port: 35000 ...
]]></system-out>
  </testcase>
  <testcase name="notShouldLoadStaticFileHtml" classname="WebServerTest.WebServerTest" time="0.004">
    <system-out><![CDATA[Received request: GET /web.html
Ready to receive on port: 35000 ...
]]></system-out>
  </testcase>
  <testcase name="shouldLoadStaticFileJs" classname="WebServerTest.WebServerTest" time="0.015">
    <system-out><![CDATA[Received request: GET /script.js
]]></system-out>
  </testcase>
  <testcase name="notShouldLoadMathControllerRestWithQuery" classname="WebServerTest.WebServerTest" time="0.016">
    <system-out><![CDATA[Ready to receive on port: 35000 ...
Received request: GET /app/rest?number=5,7
Ready to receive on port: 35000 ...
]]></system-out>
  </testcase>
  <testcase name="shouldLoadStaticImageJPG" classname="WebServerTest.WebServerTest" time="0.004">
    <system-out><![CDATA[Received request: GET /imagen2.jpg
Ready to receive on port: 35000 ...
]]></system-out>
  </testcase>
  <testcase name="shouldLoadStaticImagePNG" classname="WebServerTest.WebServerTest" time="0.007">
    <system-out><![CDATA[Received request: GET /imagen1.png
Ready to receive on port: 35000 ...
]]></system-out>
  </testcase>
  <testcase name="shouldLoadMathControllerMul1WithoutQuery" classname="WebServerTest.WebServerTest" time="0.008">
    <system-out><![CDATA[Received request: GET /app/mul?number=1
Ready to receive on port: 35000 ...
]]></system-out>
  </testcase>
  <testcase name="shouldLoadStaticFileHtml" classname="WebServerTest.WebServerTest" time="0.015">
    <system-out><![CDATA[Received request: GET /index.html
]]></system-out>
  </testcase>
</testsuite>